#
# There is insufficient memory for the Java Runtime Environment to continue.
# Native memory allocation (mmap) failed to map 51380224 bytes. Error detail: G1 virtual space
# Possible reasons:
#   The system is out of physical RAM or swap space
#   This process is running with CompressedOops enabled, and the Java Heap may be blocking the growth of the native heap
# Possible solutions:
#   Reduce memory load on the system
#   Increase physical memory or swap space
#   Check if swap backing store is full
#   Decrease Java heap size (-Xmx/-Xms)
#   Decrease number of Java threads
#   Decrease Java thread stack sizes (-Xss)
#   Set larger code cache with -XX:ReservedCodeCacheSize=
#   JVM is running with Unscaled Compressed Oops mode in which the Java heap is
#     placed in the first 4GB address space. The Java Heap base address is the
#     maximum limit for the native heap growth. Please use -XX:HeapBaseMinAddress
#     to set the Java Heap base and to place the Java Heap above 4GB virtual address.
# This output file may be truncated or incomplete.
#
#  Out of Memory Error (os_windows.cpp:3616), pid=15628, tid=12948
#
# JRE version: OpenJDK Runtime Environment Corretto-21.0.4.7.1 (21.0.4+7) (build 21.0.4+7-LTS)
# Java VM: OpenJDK 64-Bit Server VM Corretto-21.0.4.7.1 (21.0.4+7-LTS, mixed mode, emulated-client, sharing, tiered, compressed oops, compressed class ptrs, g1 gc, windows-amd64)
# No core dump will be written. Minidumps are not enabled by default on client versions of Windows
#

---------------  S U M M A R Y ------------

Command Line: -XX:TieredStopAtLevel=1 -Dspring.output.ansi.enabled=always -Dcom.sun.management.jmxremote -Dspring.jmx.enabled=true -Dspring.liveBeansView.mbeanDomain -Dspring.application.users.enabled=true -Dmanagement.endpoints.jmx.exposure.include=* -javaagent:D:\IntelliJ IDEA 2024.1.4\lib\idea_rt.jar=53438:D:\IntelliJ IDEA 2024.1.4\bin -Dfile.encoding=UTF-8 -Dsun.stdout.encoding=UTF-8 -Dsun.stderr.encoding=UTF-8 com.example.LMS.LmsApplication

Host: Intel(R) Core(TM) i5-6440HQ CPU @ 2.60GHz, 4 cores, 7G,  Windows 10 , 64 bit Build 19041 (10.0.19041.4597)
Time: Sun Jul 28 21:28:54 2024 Egypt Daylight Time elapsed time: 10.002021 seconds (0d 0h 0m 10s)

---------------  T H R E A D  ---------------

Current thread (0x000002030fb48f90):  VMThread "VM Thread"          [id=12948, stack(0x0000002644a00000,0x0000002644b00000) (1024K)]

Stack: [0x0000002644a00000,0x0000002644b00000]
Native frames: (J=compiled Java code, j=interpreted, Vv=VM code, C=native code)
V  [jvm.dll+0x6d83d9]
V  [jvm.dll+0x8b39f3]
V  [jvm.dll+0x8b5d4e]
V  [jvm.dll+0x8b6433]
V  [jvm.dll+0x285816]
V  [jvm.dll+0x6d4b65]
V  [jvm.dll+0x6c929a]
V  [jvm.dll+0x35e2fb]
V  [jvm.dll+0x365ea6]
V  [jvm.dll+0x3b7e76]
V  [jvm.dll+0x3b8148]
V  [jvm.dll+0x331a3c]
V  [jvm.dll+0x331ac7]
V  [jvm.dll+0x3768ec]
V  [jvm.dll+0x37509e]
V  [jvm.dll+0x331191]
V  [jvm.dll+0x3747b0]
V  [jvm.dll+0x8bbfa8]
V  [jvm.dll+0x8bd324]
V  [jvm.dll+0x8bd860]
V  [jvm.dll+0x8bdaf3]
V  [jvm.dll+0x85c768]
V  [jvm.dll+0x6d6bdd]
C  [ucrtbase.dll+0x21bb2]
C  [KERNEL32.DLL+0x17374]
C  [ntdll.dll+0x4cc91]

VM_Operation (0x0000002645dfad40): G1CollectForAllocation, mode: safepoint, requested by thread 0x0000020355b490c0


---------------  P R O C E S S  ---------------

Threads class SMR info:
_java_thread_list=0x0000020357d61890, length=25, elements={
0x000002037da1c1d0, 0x000002030fb64fb0, 0x000002030fb65cd0, 0x000002030fb6b8b0,
0x000002030fb6c310, 0x000002030fb6cd70, 0x000002030fb6d7d0, 0x000002030fb6e230,
0x000002030fb31190, 0x000002030fb31800, 0x00000203550386c0, 0x000002035554d980,
0x000002035554dff0, 0x0000020355760b70, 0x00000203556b1590, 0x0000020355b47ce0,
0x0000020355b490c0, 0x0000020355b6a670, 0x0000020356b50b30, 0x000002035708ef40,
0x000002035716eca0, 0x000002035716e610, 0x000002035716f330, 0x0000020357170050,
0x000002035716cbd0
}

Java Threads: ( => current thread )
  0x000002037da1c1d0 JavaThread "main"                              [_thread_blocked, id=8568, stack(0x0000002644300000,0x0000002644400000) (1024K)]
  0x000002030fb64fb0 JavaThread "Reference Handler"          daemon [_thread_blocked, id=9756, stack(0x0000002644b00000,0x0000002644c00000) (1024K)]
  0x000002030fb65cd0 JavaThread "Finalizer"                  daemon [_thread_blocked, id=16512, stack(0x0000002644c00000,0x0000002644d00000) (1024K)]
  0x000002030fb6b8b0 JavaThread "Signal Dispatcher"          daemon [_thread_blocked, id=16856, stack(0x0000002644d00000,0x0000002644e00000) (1024K)]
  0x000002030fb6c310 JavaThread "Attach Listener"            daemon [_thread_blocked, id=20016, stack(0x0000002644e00000,0x0000002644f00000) (1024K)]
  0x000002030fb6cd70 JavaThread "Service Thread"             daemon [_thread_blocked, id=18836, stack(0x0000002644f00000,0x0000002645000000) (1024K)]
  0x000002030fb6d7d0 JavaThread "Monitor Deflation Thread"   daemon [_thread_blocked, id=11780, stack(0x0000002645000000,0x0000002645100000) (1024K)]
  0x000002030fb6e230 JavaThread "C1 CompilerThread0"         daemon [_thread_blocked, id=128, stack(0x0000002645100000,0x0000002645200000) (1024K)]
  0x000002030fb31190 JavaThread "Common-Cleaner"             daemon [_thread_blocked, id=15712, stack(0x0000002645200000,0x0000002645300000) (1024K)]
  0x000002030fb31800 JavaThread "C1 CompilerThread1"         daemon [_thread_blocked, id=19100, stack(0x0000002645300000,0x0000002645400000) (1024K)]
  0x00000203550386c0 JavaThread "C1 CompilerThread2"         daemon [_thread_blocked, id=12144, stack(0x0000002645400000,0x0000002645500000) (1024K)]
  0x000002035554d980 JavaThread "Monitor Ctrl-Break"         daemon [_thread_in_native, id=3464, stack(0x0000002645500000,0x0000002645600000) (1024K)]
  0x000002035554dff0 JavaThread "Notification Thread"        daemon [_thread_blocked, id=13868, stack(0x0000002645600000,0x0000002645700000) (1024K)]
  0x0000020355760b70 JavaThread "RMI TCP Accept-0"           daemon [_thread_in_native, id=16368, stack(0x0000002645a00000,0x0000002645b00000) (1024K)]
  0x00000203556b1590 JavaThread "RMI TCP Connection(2)-192.168.1.6" daemon [_thread_in_native, id=6764, stack(0x0000002645b00000,0x0000002645c00000) (1024K)]
  0x0000020355b47ce0 JavaThread "Thread-0"                          [_thread_blocked, id=8040, stack(0x0000002645c00000,0x0000002645d00000) (1024K)]
  0x0000020355b490c0 JavaThread "restartedMain"                     [_thread_blocked, id=11856, stack(0x0000002645d00000,0x0000002645e00000) (1024K)]
  0x0000020355b6a670 JavaThread "RMI Scheduler(0)"           daemon [_thread_blocked, id=3488, stack(0x0000002645e00000,0x0000002645f00000) (1024K)]
  0x0000020356b50b30 JavaThread "mysql-cj-abandoned-connection-cleanup" daemon [_thread_blocked, id=18672, stack(0x0000002645f00000,0x0000002646000000) (1024K)]
  0x000002035708ef40 JavaThread "HikariPool-1 housekeeper"   daemon [_thread_blocked, id=19080, stack(0x0000002646100000,0x0000002646200000) (1024K)]
  0x000002035716eca0 JavaThread "HikariPool-1 connection adder" daemon [_thread_blocked, id=12280, stack(0x0000002646300000,0x0000002646400000) (1024K)]
  0x000002035716e610 JavaThread "Catalina-utility-1"                [_thread_blocked, id=284, stack(0x0000002646200000,0x0000002646300000) (1024K)]
  0x000002035716f330 JavaThread "Catalina-utility-2"                [_thread_blocked, id=1596, stack(0x0000002646400000,0x0000002646500000) (1024K)]
  0x0000020357170050 JavaThread "container-0"                       [_thread_blocked, id=19852, stack(0x0000002646500000,0x0000002646600000) (1024K)]
  0x000002035716cbd0 JavaThread "RMI TCP Connection(3)-192.168.1.6" daemon [_thread_blocked, id=9348, stack(0x0000002646600000,0x0000002646700000) (1024K)]
Total: 25

Other Threads:
=>0x000002030fb48f90 VMThread "VM Thread"                           [id=12948, stack(0x0000002644a00000,0x0000002644b00000) (1024K)]
  0x000002030fb2e790 WatcherThread "VM Periodic Task Thread"        [id=1712, stack(0x0000002644900000,0x0000002644a00000) (1024K)]
  0x000002037fbb3390 WorkerThread "GC Thread#0"                     [id=19440, stack(0x0000002644400000,0x0000002644500000) (1024K)]
  0x00000203556a6d50 WorkerThread "GC Thread#1"                     [id=16564, stack(0x0000002645700000,0x0000002645800000) (1024K)]
  0x00000203556b6ed0 WorkerThread "GC Thread#2"                     [id=19044, stack(0x0000002645800000,0x0000002645900000) (1024K)]
  0x00000203556b7270 WorkerThread "GC Thread#3"                     [id=2728, stack(0x0000002645900000,0x0000002645a00000) (1024K)]
  0x000002037fbc3840 ConcurrentGCThread "G1 Main Marker"            [id=17956, stack(0x0000002644500000,0x0000002644600000) (1024K)]
  0x000002037fbc4400 WorkerThread "G1 Conc#0"                       [id=6316, stack(0x0000002644600000,0x0000002644700000) (1024K)]
  0x000002030fa034e0 ConcurrentGCThread "G1 Refine#0"               [id=12872, stack(0x0000002644700000,0x0000002644800000) (1024K)]
  0x000002037fc1d950 ConcurrentGCThread "G1 Service"                [id=16444, stack(0x0000002644800000,0x0000002644900000) (1024K)]
Total: 10

Threads with active compile tasks:
Total: 0

VM state: at safepoint (normal execution)

VM Mutex/Monitor currently owned by a thread:  ([mutex/lock_event])
[0x00007ffc6c5062a8] Threads_lock - owner thread: 0x000002030fb48f90
[0x00007ffc6c5063a8] Heap_lock - owner thread: 0x0000020355b490c0

Heap address: 0x0000000085200000, size: 1966 MB, Compressed Oops mode: 32-bit

CDS archive(s) mapped at: [0x0000020310000000-0x0000020310c90000-0x0000020310c90000), size 13172736, SharedBaseAddress: 0x0000020310000000, ArchiveRelocationMode: 1.
Compressed class space mapped at: 0x0000020311000000-0x0000020351000000, reserved size: 1073741824
Narrow klass base: 0x0000020310000000, Narrow klass shift: 0, Narrow klass range: 0x100000000

GC Precious Log:
 CardTable entry size: 512
 Card Set container configuration: InlinePtr #cards 5 size 8 Array Of Cards #cards 12 size 40 Howl #buckets 4 coarsen threshold 1843 Howl Bitmap #cards 512 size 80 coarsen threshold 460 Card regions per heap region 1 cards per card region 2048
 CPUs: 4 total, 4 available
 Memory: 7861M
 Large Page Support: Disabled
 NUMA Support: Disabled
 Compressed Oops: Enabled (32-bit)
 Heap Region Size: 1M
 Heap Min Capacity: 8M
 Heap Initial Capacity: 124M
 Heap Max Capacity: 1966M
 Pre-touch: Disabled
 Parallel Workers: 4
 Concurrent Workers: 1
 Concurrent Refinement Workers: 4
 Periodic GC: Disabled

Heap:
 garbage-first heap   total 80896K, used 45610K [0x0000000085200000, 0x0000000100000000)
  region size 1024K, 3 young (3072K), 3 survivors (3072K)
 Metaspace       used 66606K, committed 67392K, reserved 1114112K
  class space    used 9323K, committed 9664K, reserved 1048576K

Heap Regions: E=young(eden), S=young(survivor), O=old, HS=humongous(starts), HC=humongous(continues), CS=collection set, F=free, TAMS=top-at-mark-start, PB=parsable bottom
|   0|0x0000000085200000, 0x0000000085300000, 0x0000000085300000|100%|HS|  |TAMS 0x0000000085200000| PB 0x0000000085200000| Complete 
|   1|0x0000000085300000, 0x0000000085400000, 0x0000000085400000|100%| O|  |TAMS 0x0000000085300000| PB 0x0000000085300000| Untracked 
|   2|0x0000000085400000, 0x0000000085500000, 0x0000000085500000|100%| O|  |TAMS 0x0000000085400000| PB 0x0000000085400000| Untracked 
|   3|0x0000000085500000, 0x0000000085600000, 0x0000000085600000|100%| O|  |TAMS 0x0000000085500000| PB 0x0000000085500000| Untracked 
|   4|0x0000000085600000, 0x0000000085700000, 0x0000000085700000|100%| O|  |TAMS 0x0000000085600000| PB 0x0000000085600000| Untracked 
|   5|0x0000000085700000, 0x0000000085800000, 0x0000000085800000|100%| O|  |TAMS 0x0000000085700000| PB 0x0000000085700000| Untracked 
|   6|0x0000000085800000, 0x0000000085900000, 0x0000000085900000|100%| O|  |TAMS 0x0000000085800000| PB 0x0000000085800000| Untracked 
|   7|0x0000000085900000, 0x0000000085a00000, 0x0000000085a00000|100%| O|  |TAMS 0x0000000085900000| PB 0x0000000085900000| Untracked 
|   8|0x0000000085a00000, 0x0000000085b00000, 0x0000000085b00000|100%| O|  |TAMS 0x0000000085a00000| PB 0x0000000085a00000| Untracked 
|   9|0x0000000085b00000, 0x0000000085c00000, 0x0000000085c00000|100%| O|  |TAMS 0x0000000085b00000| PB 0x0000000085b00000| Untracked 
|  10|0x0000000085c00000, 0x0000000085d00000, 0x0000000085d00000|100%| O|  |TAMS 0x0000000085c00000| PB 0x0000000085c00000| Untracked 
|  11|0x0000000085d00000, 0x0000000085e00000, 0x0000000085e00000|100%| O|  |TAMS 0x0000000085d00000| PB 0x0000000085d00000| Untracked 
|  12|0x0000000085e00000, 0x0000000085f00000, 0x0000000085f00000|100%| O|  |TAMS 0x0000000085e00000| PB 0x0000000085e00000| Untracked 
|  13|0x0000000085f00000, 0x0000000086000000, 0x0000000086000000|100%| O|  |TAMS 0x0000000085f00000| PB 0x0000000085f00000| Untracked 
|  14|0x0000000086000000, 0x0000000086100000, 0x0000000086100000|100%| O|  |TAMS 0x0000000086000000| PB 0x0000000086000000| Untracked 
|  15|0x0000000086100000, 0x0000000086200000, 0x0000000086200000|100%| O|  |TAMS 0x0000000086100000| PB 0x0000000086100000| Untracked 
|  16|0x0000000086200000, 0x0000000086300000, 0x0000000086300000|100%| O|  |TAMS 0x0000000086200000| PB 0x0000000086200000| Untracked 
|  17|0x0000000086300000, 0x0000000086400000, 0x0000000086400000|100%| O|  |TAMS 0x0000000086300000| PB 0x0000000086300000| Untracked 
|  18|0x0000000086400000, 0x0000000086400000, 0x0000000086500000|  0%| F|  |TAMS 0x0000000086400000| PB 0x0000000086400000| Untracked 
|  19|0x0000000086500000, 0x0000000086600000, 0x0000000086600000|100%| O|  |TAMS 0x0000000086500000| PB 0x0000000086500000| Untracked 
|  20|0x0000000086600000, 0x0000000086700000, 0x0000000086700000|100%| O|  |TAMS 0x0000000086600000| PB 0x0000000086600000| Untracked 
|  21|0x0000000086700000, 0x0000000086800000, 0x0000000086800000|100%| O|  |TAMS 0x0000000086700000| PB 0x0000000086700000| Untracked 
|  22|0x0000000086800000, 0x0000000086900000, 0x0000000086900000|100%| O|  |TAMS 0x0000000086800000| PB 0x0000000086800000| Untracked 
|  23|0x0000000086900000, 0x0000000086a00000, 0x0000000086a00000|100%| O|  |TAMS 0x0000000086900000| PB 0x0000000086900000| Untracked 
|  24|0x0000000086a00000, 0x0000000086b00000, 0x0000000086b00000|100%| O|  |TAMS 0x0000000086a00000| PB 0x0000000086a00000| Untracked 
|  25|0x0000000086b00000, 0x0000000086c00000, 0x0000000086c00000|100%| O|  |TAMS 0x0000000086b00000| PB 0x0000000086b00000| Untracked 
|  26|0x0000000086c00000, 0x0000000086d00000, 0x0000000086d00000|100%| O|  |TAMS 0x0000000086c00000| PB 0x0000000086c00000| Untracked 
|  27|0x0000000086d00000, 0x0000000086e00000, 0x0000000086e00000|100%| O|  |TAMS 0x0000000086d00000| PB 0x0000000086d00000| Untracked 
|  28|0x0000000086e00000, 0x0000000086f00000, 0x0000000086f00000|100%| O|  |TAMS 0x0000000086e00000| PB 0x0000000086e00000| Untracked 
|  29|0x0000000086f00000, 0x0000000087000000, 0x0000000087000000|100%| O|  |TAMS 0x0000000086f00000| PB 0x0000000086f00000| Untracked 
|  30|0x0000000087000000, 0x0000000087100000, 0x0000000087100000|100%| O|  |TAMS 0x0000000087000000| PB 0x0000000087000000| Untracked 
|  31|0x0000000087100000, 0x0000000087200000, 0x0000000087200000|100%| O|  |TAMS 0x0000000087100000| PB 0x0000000087100000| Untracked 
|  32|0x0000000087200000, 0x0000000087300000, 0x0000000087300000|100%| O|  |TAMS 0x0000000087200000| PB 0x0000000087200000| Untracked 
|  33|0x0000000087300000, 0x0000000087400000, 0x0000000087400000|100%| O|  |TAMS 0x0000000087300000| PB 0x0000000087300000| Untracked 
|  34|0x0000000087400000, 0x0000000087500000, 0x0000000087500000|100%| O|  |TAMS 0x0000000087400000| PB 0x0000000087400000| Untracked 
|  35|0x0000000087500000, 0x0000000087500000, 0x0000000087600000|  0%| F|  |TAMS 0x0000000087500000| PB 0x0000000087500000| Untracked 
|  36|0x0000000087600000, 0x0000000087600000, 0x0000000087700000|  0%| F|  |TAMS 0x0000000087600000| PB 0x0000000087600000| Untracked 
|  37|0x0000000087700000, 0x0000000087800000, 0x0000000087800000|100%| O|  |TAMS 0x0000000087700000| PB 0x0000000087700000| Untracked 
|  38|0x0000000087800000, 0x0000000087900000, 0x0000000087900000|100%| O|  |TAMS 0x0000000087800000| PB 0x0000000087800000| Untracked 
|  39|0x0000000087900000, 0x0000000087a00000, 0x0000000087a00000|100%| O|  |TAMS 0x0000000087900000| PB 0x0000000087900000| Untracked 
|  40|0x0000000087a00000, 0x0000000087b00000, 0x0000000087b00000|100%| O|  |TAMS 0x0000000087a00000| PB 0x0000000087a00000| Untracked 
|  41|0x0000000087b00000, 0x0000000087b00000, 0x0000000087c00000|  0%| F|  |TAMS 0x0000000087b00000| PB 0x0000000087b00000| Untracked 
|  42|0x0000000087c00000, 0x0000000087c00000, 0x0000000087d00000|  0%| F|  |TAMS 0x0000000087c00000| PB 0x0000000087c00000| Untracked 
|  43|0x0000000087d00000, 0x0000000087e00000, 0x0000000087e00000|100%| S|CS|TAMS 0x0000000087d00000| PB 0x0000000087d00000| Complete 
|  44|0x0000000087e00000, 0x0000000087f00000, 0x0000000087f00000|100%| S|CS|TAMS 0x0000000087e00000| PB 0x0000000087e00000| Complete 
|  45|0x0000000087f00000, 0x0000000088000000, 0x0000000088000000|100%| S|CS|TAMS 0x0000000087f00000| PB 0x0000000087f00000| Complete 
|  46|0x0000000088000000, 0x0000000088000000, 0x0000000088100000|  0%| F|  |TAMS 0x0000000088000000| PB 0x0000000088000000| Untracked 
|  47|0x0000000088100000, 0x0000000088100000, 0x0000000088200000|  0%| F|  |TAMS 0x0000000088100000| PB 0x0000000088100000| Untracked 
|  48|0x0000000088200000, 0x0000000088200000, 0x0000000088300000|  0%| F|  |TAMS 0x0000000088200000| PB 0x0000000088200000| Untracked 
|  49|0x0000000088300000, 0x0000000088300000, 0x0000000088400000|  0%| F|  |TAMS 0x0000000088300000| PB 0x0000000088300000| Untracked 
|  50|0x0000000088400000, 0x0000000088400000, 0x0000000088500000|  0%| F|  |TAMS 0x0000000088400000| PB 0x0000000088400000| Untracked 
|  51|0x0000000088500000, 0x0000000088500000, 0x0000000088600000|  0%| F|  |TAMS 0x0000000088500000| PB 0x0000000088500000| Untracked 
|  52|0x0000000088600000, 0x0000000088600000, 0x0000000088700000|  0%| F|  |TAMS 0x0000000088600000| PB 0x0000000088600000| Untracked 
|  53|0x0000000088700000, 0x0000000088700000, 0x0000000088800000|  0%| F|  |TAMS 0x0000000088700000| PB 0x0000000088700000| Untracked 
|  54|0x0000000088800000, 0x0000000088800000, 0x0000000088900000|  0%| F|  |TAMS 0x0000000088800000| PB 0x0000000088800000| Untracked 
|  55|0x0000000088900000, 0x0000000088900000, 0x0000000088a00000|  0%| F|  |TAMS 0x0000000088900000| PB 0x0000000088900000| Untracked 
|  56|0x0000000088a00000, 0x0000000088a00000, 0x0000000088b00000|  0%| F|  |TAMS 0x0000000088a00000| PB 0x0000000088a00000| Untracked 
|  57|0x0000000088b00000, 0x0000000088b00000, 0x0000000088c00000|  0%| F|  |TAMS 0x0000000088b00000| PB 0x0000000088b00000| Untracked 
|  58|0x0000000088c00000, 0x0000000088c00000, 0x0000000088d00000|  0%| F|  |TAMS 0x0000000088c00000| PB 0x0000000088c00000| Untracked 
|  59|0x0000000088d00000, 0x0000000088d00000, 0x0000000088e00000|  0%| F|  |TAMS 0x0000000088d00000| PB 0x0000000088d00000| Untracked 
|  60|0x0000000088e00000, 0x0000000088e00000, 0x0000000088f00000|  0%| F|  |TAMS 0x0000000088e00000| PB 0x0000000088e00000| Untracked 
|  61|0x0000000088f00000, 0x0000000088f00000, 0x0000000089000000|  0%| F|  |TAMS 0x0000000088f00000| PB 0x0000000088f00000| Untracked 
|  62|0x0000000089000000, 0x0000000089000000, 0x0000000089100000|  0%| F|  |TAMS 0x0000000089000000| PB 0x0000000089000000| Untracked 
|  63|0x0000000089100000, 0x0000000089100000, 0x0000000089200000|  0%| F|  |TAMS 0x0000000089100000| PB 0x0000000089100000| Untracked 
|  64|0x0000000089200000, 0x0000000089200000, 0x0000000089300000|  0%| F|  |TAMS 0x0000000089200000| PB 0x0000000089200000| Untracked 
|  65|0x0000000089300000, 0x0000000089300000, 0x0000000089400000|  0%| F|  |TAMS 0x0000000089300000| PB 0x0000000089300000| Untracked 
|  66|0x0000000089400000, 0x0000000089400000, 0x0000000089500000|  0%| F|  |TAMS 0x0000000089400000| PB 0x0000000089400000| Untracked 
|  67|0x0000000089500000, 0x0000000089500000, 0x0000000089600000|  0%| F|  |TAMS 0x0000000089500000| PB 0x0000000089500000| Untracked 
|  68|0x0000000089600000, 0x0000000089600000, 0x0000000089700000|  0%| F|  |TAMS 0x0000000089600000| PB 0x0000000089600000| Untracked 
|  69|0x0000000089700000, 0x0000000089700000, 0x0000000089800000|  0%| F|  |TAMS 0x0000000089700000| PB 0x0000000089700000| Untracked 
|  70|0x0000000089800000, 0x0000000089800000, 0x0000000089900000|  0%| F|  |TAMS 0x0000000089800000| PB 0x0000000089800000| Untracked 
|  71|0x0000000089900000, 0x0000000089900000, 0x0000000089a00000|  0%| F|  |TAMS 0x0000000089900000| PB 0x0000000089900000| Untracked 
|  72|0x0000000089a00000, 0x0000000089a00000, 0x0000000089b00000|  0%| F|  |TAMS 0x0000000089a00000| PB 0x0000000089a00000| Untracked 
| 122|0x000000008cc00000, 0x000000008cc00000, 0x000000008cd00000|  0%| F|  |TAMS 0x000000008cc00000| PB 0x000000008cc00000| Untracked 
| 123|0x000000008cd00000, 0x000000008cd00000, 0x000000008ce00000|  0%| F|  |TAMS 0x000000008cd00000| PB 0x000000008cd00000| Untracked 
|1962|0x00000000ffc00000, 0x00000000ffc8a9f0, 0x00000000ffd00000| 54%| O|  |TAMS 0x00000000ffc00000| PB 0x00000000ffc00000| Untracked 
|1963|0x00000000ffd00000, 0x00000000ffe00000, 0x00000000ffe00000|100%| O|  |TAMS 0x00000000ffd00000| PB 0x00000000ffd00000| Untracked 
|1964|0x00000000ffe00000, 0x00000000fff00000, 0x00000000fff00000|100%| O|  |TAMS 0x00000000ffe00000| PB 0x00000000ffe00000| Untracked 
|1965|0x00000000fff00000, 0x0000000100000000, 0x0000000100000000|100%| O|  |TAMS 0x00000000fff00000| PB 0x00000000fff00000| Untracked 

Card table byte_map: [0x000002030b620000,0x000002030ba00000] _byte_map_base: 0x000002030b1f7000

Marking Bits: (CMBitMap*) 0x000002037fbb39a0
 Bits: [0x000002030ba00000, 0x000002030d8b8000)

Polling page: 0x000002037d9a0000

Metaspace:

Usage:
  Non-class:     55.94 MB used.
      Class:      9.11 MB used.
       Both:     65.05 MB used.

Virtual space:
  Non-class space:       64.00 MB reserved,      56.38 MB ( 88%) committed,  1 nodes.
      Class space:        1.00 GB reserved,       9.44 MB ( <1%) committed,  1 nodes.
             Both:        1.06 GB reserved,      65.81 MB (  6%) committed. 

Chunk freelists:
   Non-Class:  6.85 MB
       Class:  6.61 MB
        Both:  13.46 MB

MaxMetaspaceSize: unlimited
CompressedClassSpaceSize: 1.00 GB
Initial GC threshold: 21.00 MB
Current GC threshold: 109.50 MB
CDS: on
 - commit_granule_bytes: 65536.
 - commit_granule_words: 8192.
 - virtual_space_node_default_size: 8388608.
 - enlarge_chunks_in_place: 1.
 - use_allocation_guard: 0.


Internal statistics:

num_allocs_failed_limit: 12.
num_arena_births: 1046.
num_arena_deaths: 0.
num_vsnodes_births: 2.
num_vsnodes_deaths: 0.
num_space_committed: 1053.
num_space_uncommitted: 0.
num_chunks_returned_to_freelist: 12.
num_chunks_taken_from_freelist: 3352.
num_chunk_merges: 6.
num_chunk_splits: 2415.
num_chunks_enlarged: 1845.
num_inconsistent_stats: 0.

CodeCache: size=49152Kb used=13897Kb max_used=13897Kb free=35254Kb
 bounds [0x0000020308620000, 0x00000203093c0000, 0x000002030b620000]
 total_blobs=8104 nmethods=7371 adapters=654
 compilation: enabled
              stopped_count=0, restarted_count=0
 full_count=0

Compilation events (20 events):
Event: 9.958 Thread 0x000002030fb6e230 7467       1       java.util.concurrent.atomic.AtomicInteger::getAndIncrement (12 bytes)
Event: 9.958 Thread 0x000002030fb6e230 nmethod 7467 0x00000203093acc90 code [0x00000203093ace20, 0x00000203093acef8]
Event: 9.960 Thread 0x00000203550386c0 7469   !   1       java.net.URL::of (255 bytes)
Event: 9.960 Thread 0x000002030fb31800 7468       1       java.net.URI::toURL (6 bytes)
Event: 9.960 Thread 0x000002030fb31800 nmethod 7468 0x00000203093acf90 code [0x00000203093ad120, 0x00000203093ad208]
Event: 9.961 Thread 0x00000203550386c0 nmethod 7469 0x00000203093ad290 code [0x00000203093ad5a0, 0x00000203093ae218]
Event: 9.965 Thread 0x000002030fb31800 7470  s!   1       jdk.internal.loader.URLClassPath::getLoader (194 bytes)
Event: 9.967 Thread 0x000002030fb31800 nmethod 7470 0x00000203093ae890 code [0x00000203093aeb60, 0x00000203093af758]
Event: 9.972 Thread 0x000002030fb31800 7471       1       java.util.concurrent.locks.ReentrantLock$NonfairSync::tryAcquire (27 bytes)
Event: 9.972 Thread 0x00000203550386c0 7472       1       java.util.concurrent.ThreadPoolExecutor::runStateAtLeast (11 bytes)
Event: 9.972 Thread 0x00000203550386c0 nmethod 7472 0x00000203093b0090 code [0x00000203093b0220, 0x00000203093b02d8]
Event: 9.973 Thread 0x000002030fb31800 nmethod 7471 0x00000203093b0390 code [0x00000203093b0520, 0x00000203093b06a0]
Event: 9.973 Thread 0x000002030fb6e230 7473       1       io.github.classgraph.ClasspathElementZip$1::getPath (5 bytes)
Event: 9.973 Thread 0x000002030fb6e230 nmethod 7473 0x00000203093b0710 code [0x00000203093b08a0, 0x00000203093b0968]
Event: 9.974 Thread 0x000002030fb31800 7474  s!   1       java.io.FileDescriptor::closeAll (163 bytes)
Event: 9.974 Thread 0x000002030fb31800 nmethod 7474 0x00000203093b0a10 code [0x00000203093b0c40, 0x00000203093b12c0]
Event: 9.986 Thread 0x00000203550386c0 7475       1       java.util.ComparableTimSort::sort (219 bytes)
Event: 9.986 Thread 0x00000203550386c0 nmethod 7475 0x00000203093b1790 code [0x00000203093b19a0, 0x00000203093b1da8]
Event: 9.988 Thread 0x00000203550386c0 7476       1       java.util.ImmutableCollections$SetN::toArray (40 bytes)
Event: 9.988 Thread 0x00000203550386c0 nmethod 7476 0x00000203093b2110 code [0x00000203093b22c0, 0x00000203093b2608]

GC Heap History (20 events):
Event: 4.893 GC heap after
{Heap after GC invocations=9 (full 0):
 garbage-first heap   total 66560K, used 23088K [0x0000000085200000, 0x0000000100000000)
  region size 1024K, 2 young (2048K), 2 survivors (2048K)
 Metaspace       used 34661K, committed 35200K, reserved 1114112K
  class space    used 4591K, committed 4864K, reserved 1048576K
}
Event: 6.375 GC heap before
{Heap before GC invocations=10 (full 0):
 garbage-first heap   total 66560K, used 54832K [0x0000000085200000, 0x0000000100000000)
  region size 1024K, 33 young (33792K), 2 survivors (2048K)
 Metaspace       used 42573K, committed 43136K, reserved 1114112K
  class space    used 5757K, committed 6016K, reserved 1048576K
}
Event: 6.382 GC heap after
{Heap after GC invocations=11 (full 0):
 garbage-first heap   total 66560K, used 25026K [0x0000000085200000, 0x0000000100000000)
  region size 1024K, 4 young (4096K), 4 survivors (4096K)
 Metaspace       used 42573K, committed 43136K, reserved 1114112K
  class space    used 5757K, committed 6016K, reserved 1048576K
}
Event: 7.241 GC heap before
{Heap before GC invocations=11 (full 0):
 garbage-first heap   total 66560K, used 55746K [0x0000000085200000, 0x0000000100000000)
  region size 1024K, 34 young (34816K), 4 survivors (4096K)
 Metaspace       used 51694K, committed 52352K, reserved 1114112K
  class space    used 7055K, committed 7360K, reserved 1048576K
}
Event: 7.250 GC heap after
{Heap after GC invocations=12 (full 0):
 garbage-first heap   total 66560K, used 26621K [0x0000000085200000, 0x0000000100000000)
  region size 1024K, 5 young (5120K), 5 survivors (5120K)
 Metaspace       used 51694K, committed 52352K, reserved 1114112K
  class space    used 7055K, committed 7360K, reserved 1048576K
}
Event: 7.801 GC heap before
{Heap before GC invocations=12 (full 0):
 garbage-first heap   total 66560K, used 56317K [0x0000000085200000, 0x0000000100000000)
  region size 1024K, 34 young (34816K), 5 survivors (5120K)
 Metaspace       used 56095K, committed 56768K, reserved 1114112K
  class space    used 7823K, committed 8128K, reserved 1048576K
}
Event: 7.806 GC heap after
{Heap after GC invocations=13 (full 0):
 garbage-first heap   total 66560K, used 27839K [0x0000000085200000, 0x0000000100000000)
  region size 1024K, 4 young (4096K), 4 survivors (4096K)
 Metaspace       used 56095K, committed 56768K, reserved 1114112K
  class space    used 7823K, committed 8128K, reserved 1048576K
}
Event: 8.524 GC heap before
{Heap before GC invocations=13 (full 0):
 garbage-first heap   total 66560K, used 41151K [0x0000000085200000, 0x0000000100000000)
  region size 1024K, 18 young (18432K), 4 survivors (4096K)
 Metaspace       used 58974K, committed 59648K, reserved 1114112K
  class space    used 8244K, committed 8576K, reserved 1048576K
}
Event: 8.529 GC heap after
{Heap after GC invocations=14 (full 0):
 garbage-first heap   total 66560K, used 29151K [0x0000000085200000, 0x0000000100000000)
  region size 1024K, 3 young (3072K), 3 survivors (3072K)
 Metaspace       used 58974K, committed 59648K, reserved 1114112K
  class space    used 8244K, committed 8576K, reserved 1048576K
}
Event: 8.922 GC heap before
{Heap before GC invocations=15 (full 0):
 garbage-first heap   total 66560K, used 58847K [0x0000000085200000, 0x0000000100000000)
  region size 1024K, 32 young (32768K), 3 survivors (3072K)
 Metaspace       used 61103K, committed 61760K, reserved 1114112K
  class space    used 8577K, committed 8896K, reserved 1048576K
}
Event: 8.929 GC heap after
{Heap after GC invocations=16 (full 0):
 garbage-first heap   total 66560K, used 31481K [0x0000000085200000, 0x0000000100000000)
  region size 1024K, 4 young (4096K), 4 survivors (4096K)
 Metaspace       used 61103K, committed 61760K, reserved 1114112K
  class space    used 8577K, committed 8896K, reserved 1048576K
}
Event: 9.056 GC heap before
{Heap before GC invocations=16 (full 0):
 garbage-first heap   total 66560K, used 58105K [0x0000000085200000, 0x0000000100000000)
  region size 1024K, 30 young (30720K), 4 survivors (4096K)
 Metaspace       used 61340K, committed 62016K, reserved 1114112K
  class space    used 8597K, committed 8896K, reserved 1048576K
}
Event: 9.063 GC heap after
{Heap after GC invocations=17 (full 0):
 garbage-first heap   total 66560K, used 31665K [0x0000000085200000, 0x0000000100000000)
  region size 1024K, 3 young (3072K), 3 survivors (3072K)
 Metaspace       used 61340K, committed 62016K, reserved 1114112K
  class space    used 8597K, committed 8896K, reserved 1048576K
}
Event: 9.366 GC heap before
{Heap before GC invocations=17 (full 0):
 garbage-first heap   total 66560K, used 59313K [0x0000000085200000, 0x0000000100000000)
  region size 1024K, 30 young (30720K), 3 survivors (3072K)
 Metaspace       used 63670K, committed 64384K, reserved 1114112K
  class space    used 8919K, committed 9216K, reserved 1048576K
}
Event: 9.371 GC heap after
{Heap after GC invocations=18 (full 0):
 garbage-first heap   total 66560K, used 33278K [0x0000000085200000, 0x0000000100000000)
  region size 1024K, 3 young (3072K), 3 survivors (3072K)
 Metaspace       used 63670K, committed 64384K, reserved 1114112K
  class space    used 8919K, committed 9216K, reserved 1048576K
}
Event: 9.821 GC heap before
{Heap before GC invocations=18 (full 0):
 garbage-first heap   total 66560K, used 56830K [0x0000000085200000, 0x0000000100000000)
  region size 1024K, 27 young (27648K), 3 survivors (3072K)
 Metaspace       used 66530K, committed 67264K, reserved 1114112K
  class space    used 9305K, committed 9600K, reserved 1048576K
}
Event: 9.826 GC heap after
{Heap after GC invocations=19 (full 0):
 garbage-first heap   total 66560K, used 34996K [0x0000000085200000, 0x0000000100000000)
  region size 1024K, 4 young (4096K), 4 survivors (4096K)
 Metaspace       used 66530K, committed 67264K, reserved 1114112K
  class space    used 9305K, committed 9600K, reserved 1048576K
}
Event: 9.910 GC heap before
{Heap before GC invocations=20 (full 0):
 garbage-first heap   total 66560K, used 57524K [0x0000000085200000, 0x0000000100000000)
  region size 1024K, 26 young (26624K), 4 survivors (4096K)
 Metaspace       used 66556K, committed 67264K, reserved 1114112K
  class space    used 9309K, committed 9600K, reserved 1048576K
}
Event: 9.917 GC heap after
{Heap after GC invocations=21 (full 0):
 garbage-first heap   total 67584K, used 39936K [0x0000000085200000, 0x0000000100000000)
  region size 1024K, 4 young (4096K), 4 survivors (4096K)
 Metaspace       used 66556K, committed 67264K, reserved 1114112K
  class space    used 9309K, committed 9600K, reserved 1048576K
}
Event: 9.989 GC heap before
{Heap before GC invocations=21 (full 0):
 garbage-first heap   total 67584K, used 58368K [0x0000000085200000, 0x0000000100000000)
  region size 1024K, 23 young (23552K), 4 survivors (4096K)
 Metaspace       used 66606K, committed 67392K, reserved 1114112K
  class space    used 9323K, committed 9664K, reserved 1048576K
}

Dll operation events (13 events):
Event: 0.012 Loaded shared library C:\Users\Abdelrahman Abdalla\.jdks\corretto-21.0.4\bin\java.dll
Event: 0.232 Loaded shared library C:\Users\Abdelrahman Abdalla\.jdks\corretto-21.0.4\bin\zip.dll
Event: 0.239 Loaded shared library C:\Users\Abdelrahman Abdalla\.jdks\corretto-21.0.4\bin\instrument.dll
Event: 0.247 Loaded shared library C:\Users\Abdelrahman Abdalla\.jdks\corretto-21.0.4\bin\net.dll
Event: 0.252 Loaded shared library C:\Users\Abdelrahman Abdalla\.jdks\corretto-21.0.4\bin\nio.dll
Event: 0.256 Loaded shared library C:\Users\Abdelrahman Abdalla\.jdks\corretto-21.0.4\bin\zip.dll
Event: 0.385 Loaded shared library D:\IntelliJ IDEA 2024.1.4\bin\breakgen64.dll
Event: 0.393 Loaded shared library C:\Users\Abdelrahman Abdalla\.jdks\corretto-21.0.4\bin\jimage.dll
Event: 0.397 Loaded shared library C:\Users\Abdelrahman Abdalla\.jdks\corretto-21.0.4\bin\extnet.dll
Event: 0.412 Loaded shared library C:\Users\Abdelrahman Abdalla\.jdks\corretto-21.0.4\bin\management.dll
Event: 0.429 Loaded shared library C:\Users\Abdelrahman Abdalla\.jdks\corretto-21.0.4\bin\management_ext.dll
Event: 4.296 Loaded shared library C:\Users\Abdelrahman Abdalla\.jdks\corretto-21.0.4\bin\sunmscapi.dll
Event: 6.184 Loaded shared library C:\Users\Abdelrahman Abdalla\.jdks\corretto-21.0.4\bin\verify.dll

Deoptimization events (2 events):
Event: 8.681 Thread 0x0000020355b490c0 DEOPT PACKING pc=0x0000020308bf7e9c sp=0x0000002645dfc090
Event: 8.681 Thread 0x0000020355b490c0 DEOPT UNPACKING pc=0x0000020308674e42 sp=0x0000002645dfb5e8 mode 0

Classes loaded (20 events):
Event: 9.701 Loading class java/util/concurrent/ConcurrentHashMap$TreeBin
Event: 9.701 Loading class java/util/concurrent/ConcurrentHashMap$TreeBin done
Event: 9.736 Loading class sun/nio/fs/WindowsLinkSupport
Event: 9.736 Loading class sun/nio/fs/WindowsLinkSupport done
Event: 9.740 Loading class sun/misc/Unsafe
Event: 9.740 Loading class sun/misc/Unsafe done
Event: 9.770 Loading class java/lang/LayerInstantiationException
Event: 9.770 Loading class java/lang/LayerInstantiationException done
Event: 9.770 Loading class jdk/internal/loader/Loader
Event: 9.770 Loading class jdk/internal/loader/Loader done
Event: 9.802 Loading class java/util/AbstractMap$SimpleEntry
Event: 9.802 Loading class java/util/AbstractMap$SimpleEntry done
Event: 9.820 Loading class java/nio/channels/spi/AbstractInterruptibleChannel$1
Event: 9.820 Loading class sun/nio/ch/Interruptible
Event: 9.820 Loading class sun/nio/ch/Interruptible done
Event: 9.820 Loading class java/nio/channels/spi/AbstractInterruptibleChannel$1 done
Event: 9.832 Loading class java/nio/ReadOnlyBufferException
Event: 9.833 Loading class java/nio/ReadOnlyBufferException done
Event: 9.837 Loading class java/util/zip/DataFormatException
Event: 9.840 Loading class java/util/zip/DataFormatException done

Classes unloaded (0 events):
No events

Classes redefined (0 events):
No events

Internal exceptions (20 events):
Event: 7.826 Thread 0x0000020355b490c0 Exception <a 'java/lang/NoSuchMethodError'{0x000000008cddcdb0}: 'java.lang.Object java.lang.invoke.DirectMethodHandle$Holder.newInvokeSpecial(java.lang.Object, java.lang.Object, java.lang.Object, java.lang.Object, java.lang.Object, int)'> (0x000000008cddcdb0) 
thrown [s\src\hotspot\share\interpreter\linkResolver.cpp, line 773]
Event: 7.826 Thread 0x0000020355b490c0 Exception <a 'java/lang/NoSuchMethodError'{0x000000008cde0c70}: 'java.lang.Object java.lang.invoke.Invokers$Holder.linkToTargetMethod(java.lang.Object, java.lang.Object, java.lang.Object, java.lang.Object, int, java.lang.Object)'> (0x000000008cde0c70) 
thrown [s\src\hotspot\share\interpreter\linkResolver.cpp, line 773]
Event: 7.886 Thread 0x0000020355b490c0 Exception <a 'java/lang/NoSuchMethodError'{0x0000000089add4d8}: 'java.lang.Object java.lang.invoke.DirectMethodHandle$Holder.newInvokeSpecial(java.lang.Object, java.lang.Object, java.lang.Object, java.lang.Object, java.lang.Object, java.lang.Object, java.lang.Object, int)'> (0x0000000089add4d8) 
thrown [s\src\hotspot\share\interpreter\linkResolver.cpp, line 773]
Event: 7.887 Thread 0x0000020355b490c0 Exception <a 'java/lang/NoSuchMethodError'{0x0000000089ae1b18}: 'java.lang.Object java.lang.invoke.DirectMethodHandle$Holder.invokeSpecial(java.lang.Object, java.lang.Object, java.lang.Object, java.lang.Object, java.lang.Object, java.lang.Object, java.lang.Object, java.lang.Object, int)'> (0x0000000089ae1b18) 
thrown [s\src\hotspot\share\interpreter\linkResolver.cpp, line 773]
Event: 7.924 Thread 0x0000020355b490c0 Exception <a 'java/lang/IncompatibleClassChangeError'{0x000000008999a920}: Found class java.lang.Object, but interface was expected> (0x000000008999a920) 
thrown [s\src\hotspot\share\interpreter\linkResolver.cpp, line 840]
Event: 7.933 Thread 0x0000020355b490c0 Exception <a 'java/lang/NoSuchMethodError'{0x00000000899dab78}: 'java.lang.Object java.lang.invoke.DirectMethodHandle$Holder.newInvokeSpecial(java.lang.Object, java.lang.Object, int, java.lang.Object, int, java.lang.Object, java.lang.Object)'> (0x00000000899dab78) 
thrown [s\src\hotspot\share\interpreter\linkResolver.cpp, line 773]
Event: 7.945 Thread 0x0000020355b490c0 Exception <a 'java/lang/NoSuchMethodError'{0x000000008982da20}: 'void java.lang.invoke.DirectMethodHandle$Holder.invokeStatic(java.lang.Object, java.lang.Object, java.lang.Object, java.lang.Object, java.lang.Object, int, java.lang.Object)'> (0x000000008982da20) 
thrown [s\src\hotspot\share\interpreter\linkResolver.cpp, line 773]
Event: 8.339 Thread 0x0000020355b490c0 Exception <a 'java/lang/NoSuchMethodError'{0x00000000893ccf70}: 'java.lang.Object java.lang.invoke.DirectMethodHandle$Holder.invokeSpecial(java.lang.Object, java.lang.Object, int, java.lang.Object, int)'> (0x00000000893ccf70) 
thrown [s\src\hotspot\share\interpreter\linkResolver.cpp, line 773]
Event: 8.497 Thread 0x0000020355b490c0 Exception <a 'java/lang/NoSuchMethodError'{0x00000000887ce4f0}: 'void java.lang.invoke.Invokers$Holder.invokeExact_MT(java.lang.Object, java.lang.Object, java.lang.Object, java.lang.Object)'> (0x00000000887ce4f0) 
thrown [s\src\hotspot\share\interpreter\linkResolver.cpp, line 773]
Event: 8.556 Thread 0x0000020355b490c0 Exception <a 'java/lang/IncompatibleClassChangeError'{0x000000008ccf34e0}: Found class java.lang.Object, but interface was expected> (0x000000008ccf34e0) 
thrown [s\src\hotspot\share\interpreter\linkResolver.cpp, line 840]
Event: 8.591 Thread 0x0000020355b490c0 Exception <a 'java/lang/IncompatibleClassChangeError'{0x0000000089954030}: Found class java.lang.Object, but interface was expected> (0x0000000089954030) 
thrown [s\src\hotspot\share\interpreter\linkResolver.cpp, line 840]
Event: 8.779 Thread 0x0000020355b490c0 Exception <a 'java/lang/IncompatibleClassChangeError'{0x00000000885245e0}: Found class java.lang.Object, but interface was expected> (0x00000000885245e0) 
thrown [s\src\hotspot\share\interpreter\linkResolver.cpp, line 840]
Event: 9.113 Thread 0x0000020355b490c0 Exception <a 'java/lang/NoSuchMethodError'{0x00000000898373c0}: 'java.lang.Object java.lang.invoke.DirectMethodHandle$Holder.newInvokeSpecial(java.lang.Object, java.lang.Object, int)'> (0x00000000898373c0) 
thrown [s\src\hotspot\share\interpreter\linkResolver.cpp, line 773]
Event: 9.116 Thread 0x0000020355b490c0 Exception <a 'java/lang/NoSuchMethodError'{0x0000000089853588}: 'java.lang.Object java.lang.invoke.Invokers$Holder.invoke_MT(java.lang.Object, java.lang.Object, java.lang.Object, java.lang.Object, java.lang.Object, java.lang.Object, java.lang.Object, java.lang.Object, java.lang.Object)'> (0x0000000089853588) 
thrown [s\src\hotspot\share\interpreter\linkResolver.cpp, line 773]
Event: 9.118 Thread 0x0000020355b490c0 Exception <a 'java/lang/IncompatibleClassChangeError'{0x0000000089876d80}: Found class java.lang.Object, but interface was expected> (0x0000000089876d80) 
thrown [s\src\hotspot\share\interpreter\linkResolver.cpp, line 840]
Event: 9.118 Thread 0x0000020355b490c0 Exception <a 'java/lang/IncompatibleClassChangeError'{0x000000008987cad0}: Found class java.lang.Object, but interface was expected> (0x000000008987cad0) 
thrown [s\src\hotspot\share\interpreter\linkResolver.cpp, line 840]
Event: 9.254 Thread 0x0000020355b490c0 Exception <a 'java/lang/NoSuchMethodError'{0x00000000880fd578}: 'java.lang.Object java.lang.invoke.DirectMethodHandle$Holder.newInvokeSpecial(java.lang.Object, java.lang.Object, java.lang.Object, java.lang.Object, java.lang.Object, java.lang.Object, java.lang.Object, java.lang.Object)'> (0x00000000880fd578) 
thrown [s\src\hotspot\share\interpreter\linkResolver.cpp, line 773]
Event: 9.356 Thread 0x0000020355b490c0 Exception <a 'java/lang/NoSuchMethodError'{0x0000000087555df0}: 'java.lang.Object java.lang.invoke.DirectMethodHandle$Holder.invokeVirtual(java.lang.Object, java.lang.Object, java.lang.Object, java.lang.Object, java.lang.Object, java.lang.Object, java.lang.Object)'> (0x0000000087555df0) 
thrown [s\src\hotspot\share\interpreter\linkResolver.cpp, line 773]
Event: 9.715 Thread 0x0000020355b490c0 Exception <a 'java/lang/IncompatibleClassChangeError'{0x00000000883f2fb0}: Found class java.lang.Object, but interface was expected> (0x00000000883f2fb0) 
thrown [s\src\hotspot\share\interpreter\linkResolver.cpp, line 840]
Event: 9.761 Thread 0x0000020355b490c0 Exception <a 'java/lang/NoSuchMethodError'{0x00000000881fa6a0}: method resolution failed> (0x00000000881fa6a0) 
thrown [s\src\hotspot\share\prims\methodHandles.cpp, line 1144]

ZGC Phase Switch (0 events):
No events

VM Operations (20 events):
Event: 9.218 Executing VM operation: HandshakeAllThreads (Deoptimize) done
Event: 9.366 Executing VM operation: G1CollectForAllocation (G1 Evacuation Pause)
Event: 9.371 Executing VM operation: G1CollectForAllocation (G1 Evacuation Pause) done
Event: 9.572 Executing VM operation: HandshakeAllThreads (Deoptimize)
Event: 9.572 Executing VM operation: HandshakeAllThreads (Deoptimize) done
Event: 9.606 Executing VM operation: HandshakeAllThreads (Deoptimize)
Event: 9.606 Executing VM operation: HandshakeAllThreads (Deoptimize) done
Event: 9.607 Executing VM operation: HandshakeAllThreads (Deoptimize)
Event: 9.607 Executing VM operation: HandshakeAllThreads (Deoptimize) done
Event: 9.821 Executing VM operation: G1TryInitiateConcMark (G1 Humongous Allocation)
Event: 9.826 Executing VM operation: G1TryInitiateConcMark (G1 Humongous Allocation) done
Event: 9.881 Executing VM operation: G1PauseRemark
Event: 9.884 Executing VM operation: G1PauseRemark done
Event: 9.902 Executing VM operation: G1PauseCleanup
Event: 9.902 Executing VM operation: G1PauseCleanup done
Event: 9.910 Executing VM operation: G1CollectForAllocation (G1 Evacuation Pause)
Event: 9.917 Executing VM operation: G1CollectForAllocation (G1 Evacuation Pause) done
Event: 9.965 Executing VM operation: HandshakeAllThreads (Deoptimize)
Event: 9.965 Executing VM operation: HandshakeAllThreads (Deoptimize) done
Event: 9.989 Executing VM operation: G1CollectForAllocation (G1 Evacuation Pause)

Memory protections (0 events):
No events

Nmethod flushes (20 events):
Event: 9.883 Thread 0x000002030fb48f90 flushing  nmethod 0x000002030872bc90
Event: 9.883 Thread 0x000002030fb48f90 flushing  nmethod 0x0000020308c60510
Event: 9.883 Thread 0x000002030fb48f90 flushing  nmethod 0x0000020308e00a90
Event: 9.883 Thread 0x000002030fb48f90 flushing  nmethod 0x0000020308eaf710
Event: 9.883 Thread 0x000002030fb48f90 flushing  nmethod 0x0000020308eafa10
Event: 9.883 Thread 0x000002030fb48f90 flushing  nmethod 0x0000020309014e10
Event: 9.883 Thread 0x000002030fb48f90 flushing  nmethod 0x000002030904db10
Event: 9.883 Thread 0x000002030fb48f90 flushing  nmethod 0x0000020309070890
Event: 9.883 Thread 0x000002030fb48f90 flushing  nmethod 0x0000020309186690
Event: 9.883 Thread 0x000002030fb48f90 flushing  nmethod 0x0000020308a5e810
Event: 9.883 Thread 0x000002030fb48f90 flushing  nmethod 0x0000020308b10410
Event: 9.883 Thread 0x000002030fb48f90 flushing  nmethod 0x0000020308dd6010
Event: 9.883 Thread 0x000002030fb48f90 flushing  nmethod 0x000002030900ca90
Event: 9.883 Thread 0x000002030fb48f90 flushing  nmethod 0x00000203090fcd90
Event: 9.883 Thread 0x000002030fb48f90 flushing  nmethod 0x0000020308926410
Event: 9.883 Thread 0x000002030fb48f90 flushing  nmethod 0x0000020308d3c390
Event: 9.883 Thread 0x000002030fb48f90 flushing  nmethod 0x0000020308d6ea90
Event: 9.883 Thread 0x000002030fb48f90 flushing  nmethod 0x0000020308d6ef10
Event: 9.883 Thread 0x000002030fb48f90 flushing  nmethod 0x0000020308df8710
Event: 9.883 Thread 0x000002030fb48f90 flushing  nmethod 0x000002030906f110

Events (20 events):
Event: 9.962 Thread 0x000002035840bc50 Thread exited: 0x000002035840bc50
Event: 9.962 Thread 0x000002035716df80 Thread exited: 0x000002035716df80
Event: 9.962 Thread 0x000002035840a210 Thread exited: 0x000002035840a210
Event: 9.962 Thread 0x00000203584087d0 Thread exited: 0x00000203584087d0
Event: 9.968 Thread 0x0000020355b490c0 Thread added: 0x000002035716d8f0
Event: 9.969 Thread 0x000002035716d8f0 Thread added: 0x000002035716df80
Event: 9.969 Thread 0x000002035716d8f0 Thread added: 0x000002035840c970
Event: 9.969 Thread 0x000002035716d8f0 Thread added: 0x000002035840a210
Event: 9.969 Thread 0x000002035716d8f0 Thread added: 0x000002035840d000
Event: 9.969 Thread 0x000002035716d8f0 Thread added: 0x0000020358406070
Event: 9.969 Thread 0x000002035716d8f0 Thread added: 0x000002035840a8a0
Event: 9.969 Thread 0x000002035716d8f0 Thread added: 0x0000020358406d90
Event: 9.972 Thread 0x0000020358406070 Thread exited: 0x0000020358406070
Event: 9.972 Thread 0x000002035840a210 Thread exited: 0x000002035840a210
Event: 9.972 Thread 0x000002035840c970 Thread exited: 0x000002035840c970
Event: 9.972 Thread 0x000002035840d000 Thread exited: 0x000002035840d000
Event: 9.972 Thread 0x000002035716d8f0 Thread exited: 0x000002035716d8f0
Event: 9.972 Thread 0x0000020358406d90 Thread exited: 0x0000020358406d90
Event: 9.972 Thread 0x000002035716df80 Thread exited: 0x000002035716df80
Event: 9.972 Thread 0x000002035840a8a0 Thread exited: 0x000002035840a8a0


Dynamic libraries:
0x00007ff760d00000 - 0x00007ff760d0e000 	C:\Users\Abdelrahman Abdalla\.jdks\corretto-21.0.4\bin\java.exe
0x00007ffca6c70000 - 0x00007ffca6e68000 	C:\Windows\SYSTEM32\ntdll.dll
0x00007ffca5050000 - 0x00007ffca5111000 	C:\Windows\System32\KERNEL32.DLL
0x00007ffca4810000 - 0x00007ffca4b06000 	C:\Windows\System32\KERNELBASE.dll
0x00007ffca4510000 - 0x00007ffca4610000 	C:\Windows\System32\ucrtbase.dll
0x00007ffc9d4a0000 - 0x00007ffc9d4bb000 	C:\Users\Abdelrahman Abdalla\.jdks\corretto-21.0.4\bin\VCRUNTIME140.dll
0x00007ffc93ad0000 - 0x00007ffc93ae8000 	C:\Users\Abdelrahman Abdalla\.jdks\corretto-21.0.4\bin\jli.dll
0x00007ffca5120000 - 0x00007ffca52bf000 	C:\Windows\System32\USER32.dll
0x00007ffca4c70000 - 0x00007ffca4c92000 	C:\Windows\System32\win32u.dll
0x00007ffca5aa0000 - 0x00007ffca5acb000 	C:\Windows\System32\GDI32.dll
0x00007ffc8eb30000 - 0x00007ffc8edca000 	C:\Windows\WinSxS\amd64_microsoft.windows.common-controls_6595b64144ccf1df_6.0.19041.4355_none_60b8b9eb71f62e16\COMCTL32.dll
0x00007ffca4610000 - 0x00007ffca4727000 	C:\Windows\System32\gdi32full.dll
0x00007ffca4ca0000 - 0x00007ffca4d3e000 	C:\Windows\System32\msvcrt.dll
0x00007ffca4320000 - 0x00007ffca43bd000 	C:\Windows\System32\msvcp_win.dll
0x00007ffca58c0000 - 0x00007ffca58ef000 	C:\Windows\System32\IMM32.DLL
0x00007ffc9e900000 - 0x00007ffc9e90c000 	C:\Users\Abdelrahman Abdalla\.jdks\corretto-21.0.4\bin\vcruntime140_1.dll
0x00007ffc6d440000 - 0x00007ffc6d4cd000 	C:\Users\Abdelrahman Abdalla\.jdks\corretto-21.0.4\bin\msvcp140.dll
0x00007ffc6b850000 - 0x00007ffc6c5e6000 	C:\Users\Abdelrahman Abdalla\.jdks\corretto-21.0.4\bin\server\jvm.dll
0x00007ffca4f40000 - 0x00007ffca4ff0000 	C:\Windows\System32\ADVAPI32.dll
0x00007ffca6a30000 - 0x00007ffca6ad0000 	C:\Windows\System32\sechost.dll
0x00007ffca5430000 - 0x00007ffca5553000 	C:\Windows\System32\RPCRT4.dll
0x00007ffca43c0000 - 0x00007ffca43e7000 	C:\Windows\System32\bcrypt.dll
0x00007ffca57a0000 - 0x00007ffca580b000 	C:\Windows\System32\WS2_32.dll
0x00007ffc93b20000 - 0x00007ffc93b47000 	C:\Windows\SYSTEM32\WINMM.dll
0x00007ffc96510000 - 0x00007ffc9651a000 	C:\Windows\SYSTEM32\VERSION.dll
0x00007ffca3850000 - 0x00007ffca389b000 	C:\Windows\SYSTEM32\POWRPROF.dll
0x00007ffca3710000 - 0x00007ffca3722000 	C:\Windows\SYSTEM32\UMPDC.dll
0x00007ffca2b30000 - 0x00007ffca2b42000 	C:\Windows\SYSTEM32\kernel.appcore.dll
0x00007ffc8bc80000 - 0x00007ffc8bc8a000 	C:\Users\Abdelrahman Abdalla\.jdks\corretto-21.0.4\bin\jimage.dll
0x00007ffca1f30000 - 0x00007ffca2114000 	C:\Windows\SYSTEM32\DBGHELP.DLL
0x00007ffc8c210000 - 0x00007ffc8c244000 	C:\Windows\SYSTEM32\dbgcore.DLL
0x00007ffca4780000 - 0x00007ffca4802000 	C:\Windows\System32\bcryptPrimitives.dll
0x00007ffc9fe70000 - 0x00007ffc9fe7e000 	C:\Users\Abdelrahman Abdalla\.jdks\corretto-21.0.4\bin\instrument.dll
0x00007ffc8bbe0000 - 0x00007ffc8bbff000 	C:\Users\Abdelrahman Abdalla\.jdks\corretto-21.0.4\bin\java.dll
0x00007ffca5ae0000 - 0x00007ffca624c000 	C:\Windows\System32\SHELL32.dll
0x00007ffca2380000 - 0x00007ffca2b1e000 	C:\Windows\SYSTEM32\windows.storage.dll
0x00007ffca6260000 - 0x00007ffca65b3000 	C:\Windows\System32\combase.dll
0x00007ffca3d40000 - 0x00007ffca3d6e000 	C:\Windows\SYSTEM32\Wldp.dll
0x00007ffca4d40000 - 0x00007ffca4e0d000 	C:\Windows\System32\OLEAUT32.dll
0x00007ffca5810000 - 0x00007ffca58bd000 	C:\Windows\System32\SHCORE.dll
0x00007ffca52c0000 - 0x00007ffca5315000 	C:\Windows\System32\shlwapi.dll
0x00007ffca4250000 - 0x00007ffca4274000 	C:\Windows\SYSTEM32\profapi.dll
0x00007ffc7ed30000 - 0x00007ffc7ed48000 	C:\Users\Abdelrahman Abdalla\.jdks\corretto-21.0.4\bin\zip.dll
0x00007ffc8bbd0000 - 0x00007ffc8bbe0000 	C:\Users\Abdelrahman Abdalla\.jdks\corretto-21.0.4\bin\net.dll
0x00007ffc9c450000 - 0x00007ffc9c55a000 	C:\Windows\SYSTEM32\WINHTTP.dll
0x00007ffca3aa0000 - 0x00007ffca3b0a000 	C:\Windows\system32\mswsock.dll
0x00007ffc862d0000 - 0x00007ffc862e6000 	C:\Users\Abdelrahman Abdalla\.jdks\corretto-21.0.4\bin\nio.dll
0x00007ffc9fe30000 - 0x00007ffc9fe4a000 	D:\IntelliJ IDEA 2024.1.4\bin\breakgen64.dll
0x00007ffc8b820000 - 0x00007ffc8b829000 	C:\Users\Abdelrahman Abdalla\.jdks\corretto-21.0.4\bin\extnet.dll
0x00007ffca3780000 - 0x00007ffca384a000 	C:\Windows\SYSTEM32\DNSAPI.dll
0x00007ffca3730000 - 0x00007ffca376b000 	C:\Windows\SYSTEM32\IPHLPAPI.DLL
0x00007ffca6250000 - 0x00007ffca6258000 	C:\Windows\System32\NSI.dll
0x00007ffc92e50000 - 0x00007ffc92e5a000 	C:\Windows\System32\rasadhlp.dll
0x00007ffc939c0000 - 0x00007ffc93a40000 	C:\Windows\System32\fwpuclnt.dll
0x00007ffc8b780000 - 0x00007ffc8b789000 	C:\Users\Abdelrahman Abdalla\.jdks\corretto-21.0.4\bin\management.dll
0x00007ffc8b640000 - 0x00007ffc8b64b000 	C:\Users\Abdelrahman Abdalla\.jdks\corretto-21.0.4\bin\management_ext.dll
0x00007ffca5a90000 - 0x00007ffca5a98000 	C:\Windows\System32\PSAPI.DLL
0x00007ffca3ca0000 - 0x00007ffca3cb8000 	C:\Windows\SYSTEM32\CRYPTSP.dll
0x00007ffca3350000 - 0x00007ffca3384000 	C:\Windows\system32\rsaenh.dll
0x00007ffca4200000 - 0x00007ffca422e000 	C:\Windows\SYSTEM32\USERENV.dll
0x00007ffca3c90000 - 0x00007ffca3c9c000 	C:\Windows\SYSTEM32\CRYPTBASE.dll
0x00007ffc813d0000 - 0x00007ffc813e7000 	C:\Windows\system32\napinsp.dll
0x00007ffc813b0000 - 0x00007ffc813cb000 	C:\Windows\system32\pnrpnsp.dll
0x00007ffc81390000 - 0x00007ffc813a5000 	C:\Windows\system32\wshbth.dll
0x00007ffc9f4c0000 - 0x00007ffc9f4dd000 	C:\Windows\system32\NLAapi.dll
0x00007ffc81370000 - 0x00007ffc81382000 	C:\Windows\System32\winrnr.dll
0x00007ffc86b20000 - 0x00007ffc86b2e000 	C:\Users\Abdelrahman Abdalla\.jdks\corretto-21.0.4\bin\sunmscapi.dll
0x00007ffca4b10000 - 0x00007ffca4c6e000 	C:\Windows\System32\CRYPT32.dll
0x00007ffca3db0000 - 0x00007ffca3dd9000 	C:\Windows\SYSTEM32\ncrypt.dll
0x00007ffca3d70000 - 0x00007ffca3dab000 	C:\Windows\SYSTEM32\NTASN1.dll
0x00007ffc9faa0000 - 0x00007ffc9fab0000 	C:\Users\Abdelrahman Abdalla\.jdks\corretto-21.0.4\bin\verify.dll

dbghelp: loaded successfully - version: 4.0.5 - missing functions: none
symbol engine: initialized successfully - sym options: 0x614 - pdb path: .;C:\Users\Abdelrahman Abdalla\.jdks\corretto-21.0.4\bin;C:\Windows\SYSTEM32;C:\Windows\WinSxS\amd64_microsoft.windows.common-controls_6595b64144ccf1df_6.0.19041.4355_none_60b8b9eb71f62e16;C:\Users\Abdelrahman Abdalla\.jdks\corretto-21.0.4\bin\server;D:\IntelliJ IDEA 2024.1.4\bin

VM Arguments:
jvm_args: -XX:TieredStopAtLevel=1 -Dspring.output.ansi.enabled=always -Dcom.sun.management.jmxremote -Dspring.jmx.enabled=true -Dspring.liveBeansView.mbeanDomain -Dspring.application.users.enabled=true -Dmanagement.endpoints.jmx.exposure.include=* -javaagent:D:\IntelliJ IDEA 2024.1.4\lib\idea_rt.jar=53438:D:\IntelliJ IDEA 2024.1.4\bin -Dfile.encoding=UTF-8 -Dsun.stdout.encoding=UTF-8 -Dsun.stderr.encoding=UTF-8
java_command: com.example.LMS.LmsApplication
java_class_path (initial): D:\Spring\Projects\LMS\target\classes;C:\Users\Abdelrahman Abdalla\.m2\repository\org\springframework\boot\spring-boot-starter-data-jpa\3.1.0\spring-boot-starter-data-jpa-3.1.0.jar;C:\Users\Abdelrahman Abdalla\.m2\repository\org\springframework\boot\spring-boot-starter-aop\3.1.0\spring-boot-starter-aop-3.1.0.jar;C:\Users\Abdelrahman Abdalla\.m2\repository\org\aspectj\aspectjweaver\1.9.19\aspectjweaver-1.9.19.jar;C:\Users\Abdelrahman Abdalla\.m2\repository\org\springframework\boot\spring-boot-starter-jdbc\3.1.0\spring-boot-starter-jdbc-3.1.0.jar;C:\Users\Abdelrahman Abdalla\.m2\repository\com\zaxxer\HikariCP\5.0.1\HikariCP-5.0.1.jar;C:\Users\Abdelrahman Abdalla\.m2\repository\org\springframework\spring-jdbc\6.0.9\spring-jdbc-6.0.9.jar;C:\Users\Abdelrahman Abdalla\.m2\repository\org\hibernate\orm\hibernate-core\6.2.2.Final\hibernate-core-6.2.2.Final.jar;C:\Users\Abdelrahman Abdalla\.m2\repository\jakarta\persistence\jakarta.persistence-api\3.1.0\jakarta.persistence-api-3.1.0.jar;C:\Users\Abdelrahman Abdalla\.m2\repository\jakarta\transaction\jakarta.transaction-api\2.0.1\jakarta.transaction-api-2.0.1.jar;C:\Users\Abdelrahman Abdalla\.m2\repository\org\hibernate\common\hibernate-commons-annotations\6.0.6.Final\hibernate-commons-annotations-6.0.6.Final.jar;C:\Users\Abdelrahman Abdalla\.m2\repository\io\smallrye\jandex\3.0.5\jandex-3.0.5.jar;C:\Users\Abdelrahman Abdalla\.m2\repository\net\bytebuddy\byte-buddy\1.14.4\byte-buddy-1.14.4.jar;C:\Users\Abdelrahman Abdalla\.m2\repository\org\glassfish\jaxb\jaxb-runtime\4.0.2\jaxb-runtime-4.0.2.jar;C:\Users\Abdelrahman Abdalla\.m2\repository\org\glassfish\jaxb\jaxb-core\4.0.2\jaxb-core-4.0.2.jar;C:\Users\Abdelrahman Abdalla\.m2\repository\org\eclipse\angus\angus-activation\2.0.0\angus-activation-2.0.0.jar;C:\Users\Abdelrahman Abdalla\.m2\repository\org\glassfish\jaxb\txw2\4.0.2\txw2-4.0.2.jar;C:\Users\Abdelrahman Abdalla\.m2\repository\com\sun\istack\istack-commons-runtime\4.1.1\istack-commons-runtime-4.1.1.jar;C:\Users\Abdelrahman Abdalla\.m2\repository\jakarta\inject\jakarta.inject-api\2.0.1\jakarta.inject-api-2.0.1.jar;C:\Users\Abdelrahman Abdalla\.m2\repository\org\antlr\antlr4-runtime\4.10.1\antlr4-runtime-4.10.1.jar;C:\Users\Abdelrahman Abdalla\.m2\repository\org\springframework\data\spring-data-jpa\3.1.0\spring-data-jpa-3.1.0.jar;C:\Users\Abdelrahman Abdalla\.m2\repository\org\springframework\data\spring-data-commons\3.1.0\spring-data-commons-3.1.0.jar;C:\Users\Abdelrahman Abdalla\.m2\repository\org\springframework\spring-orm\6.0.9\spring-orm-6.0.9.jar;C:\Users\Abdelrahman Abdalla\.m2\repository\org\springframework\spring-context\6.0.9\spring-context-6.0.9.jar;C:\Users\Abdelrahman Abdalla\.m2\repository\org\springframework\spring-tx\6.0.9\spring-tx-6.0.9.jar;C:\Users\Abdelrahman Abdalla\.m2\repository\org\springframework\spring-beans\6.0.9\spring-beans-6.0.9.jar;C:\Users\Abdelrahman Abdalla\.m2\repository\jakarta\annotation\jakarta.annotation-api\2.1.1\jakarta.annotation-api-2.1.1.jar;C:\Users\Abdelrahman Abdalla\.m2\repository\org\springframework\spring-aspects\6.0.9\spring-aspects-6.0.9.jar;C:\Users\Abdelrahman Abdalla\.m2\repository\org\springframework\boot\spring-boot-starter-web\3.1.0\spring-boot-starter-web-3.1.0.jar;C:\Users\Abdelrahman Abdalla\.m2\repository\org\springframework\boot\spring-boot-starter\3.1.0\spring-boot-starter-3.1.0.jar;C:\Users\Abdelrahman Abdalla\.m2\repository\org\springframework\boot\spring-boot-starter-logging\3.1.0\spring-boot-starter-logging-3.1.0.jar;C:\Users\Abdelrahman Abdalla\.m2\repository\ch\qos\logback\logback-classic\1.4.7\logback-classic-1.4.7.jar;C:\Users\Abdelrahman Abdalla\.m2\repository\ch\qos\logback\logback-core\1.4.7\logback-core-1.4.7.jar;C:\Users\Abdelrahman Abdalla\.m2\repository\org\apache\logging\log4j\log4j-to-slf4j\2.20.0\log4j-to-slf4j-2.20.0.jar;C:\Users\Abdelrahman Abdalla\.m2\repository\org\apache\logging\log4j\log4j-api\2.20.0\log4j-api-2.20.0.jar;C:\Users\Abdelrahman Abdalla\.m2\repository\org\slf4j\jul-to-slf4j\2.0.7\jul-to-slf4j-2.0.7.jar;C:\Users\Abdelrahman Abdalla\.m2\repository\org\yaml\snakeyaml\1.33\snakeyaml-1.33.jar;C:\Users\Abdelrahman Abdalla\.m2\repository\org\springframework\boot\spring-boot-starter-json\3.1.0\spring-boot-starter-json-3.1.0.jar;C:\Users\Abdelrahman Abdalla\.m2\repository\com\fasterxml\jackson\core\jackson-databind\2.15.0\jackson-databind-2.15.0.jar;C:\Users\Abdelrahman Abdalla\.m2\repository\com\fasterxml\jackson\core\jackson-annotations\2.15.0\jackson-annotations-2.15.0.jar;C:\Users\Abdelrahman Abdalla\.m2\repository\com\fasterxml\jackson\datatype\jackson-datatype-jdk8\2.15.0\jackson-datatype-jdk8-2.15.0.jar;C:\Users\Abdelrahman Abdalla\.m2\repository\com\fasterxml\jackson\datatype\jackson-datatype-jsr310\2.15.0\jackson-datatype-jsr310-2.15.0.jar;C:\Users\Abdelrahman Abdalla\.m2\repository\com\fasterxml\jackson\module\jackson-module-parameter-names\2.15.0\jackson-module-parameter-names-2.15.0.jar;C:\Users\Abdelrahman Abdalla\.m2\repository\org\springframework\boot\spring-boot-starter-tomcat\3.1.0\spring-boot-starter-tomcat-3.1.0.jar;C:\Users\Abdelrahman Abdalla\.m2\repository\org\apache\tomcat\embed\tomcat-embed-core\10.1.8\tomcat-embed-core-10.1.8.jar;C:\Users\Abdelrahman Abdalla\.m2\repository\org\apache\tomcat\embed\tomcat-embed-el\10.1.8\tomcat-embed-el-10.1.8.jar;C:\Users\Abdelrahman Abdalla\.m2\repository\org\apache\tomcat\embed\tomcat-embed-websocket\10.1.8\tomcat-embed-websocket-10.1.8.jar;C:\Users\Abdelrahman Abdalla\.m2\repository\org\springframework\spring-web\6.0.9\spring-web-6.0.9.jar;C:\Users\Abdelrahman Abdalla\.m2\repository\io\micrometer\micrometer-observation\1.11.0\micrometer-observation-1.11.0.jar;C:\Users\Abdelrahman Abdalla\.m2\repository\io\micrometer\micrometer-commons\1.11.0\micrometer-commons-1.11.0.jar;C:\Users\Abdelrahman Abdalla\.m2\repository\org\springframework\spring-webmvc\6.0.9\spring-webmvc-6.0.9.jar;C:\Users\Abdelrahman Abdalla\.m2\repository\org\springframework\spring-expression\6.0.9\spring-expression-6.0.9.jar;C:\Users\Abdelrahman Abdalla\.m2\repository\mysql\mysql-connector-java\8.0.28\mysql-connector-java-8.0.28.jar;C:\Users\Abdelrahman Abdalla\.m2\repository\com\google\protobuf\protobuf-java\3.11.4\protobuf-java-3.11.4.jar;C:\Users\Abdelrahman Abdalla\.m2\repository\org\springframework\boot\spring-boot-devtools\3.1.0\spring-boot-devtools-3.1.0.jar;C:\Users\Abdelrahman Abdalla\.m2\repository\org\springframework\boot\spring-boot\3.1.0\spring-boot-3.1.0.jar;C:\Users\Abdelrahman Abdalla\.m2\repository\org\springframework\boot\spring-boot-autoconfigure\3.1.0\spring-boot-autoconfigure-3.1.0.jar;C:\Users\Abdelrahman Abdalla\.m2\repository\com\h2database\h2\2.1.214\h2-2.1.214.jar;C:\Users\Abdelrahman Abdalla\.m2\repository\org\springdoc\springdoc-openapi-starter-webmvc-ui\2.0.3\springdoc-openapi-starter-webmvc-ui-2.0.3.jar;C:\Users\Abdelrahman Abdalla\.m2\repository\org\springdoc\springdoc-openapi-starter-webmvc-api\2.0.3\springdoc-openapi-starter-webmvc-api-2.0.3.jar;C:\Users\Abdelrahman Abdalla\.m2\repository\org\springdoc\springdoc-openapi-starter-common\2.0.3\springdoc-openapi-starter-common-2.0.3.jar;C:\Users\Abdelrahman Abdalla\.m2\repository\io\swagger\core\v3\swagger-core-jakarta\2.2.8\swagger-core-jakarta-2.2.8.jar;C:\Users\Abdelrahman Abdalla\.m2\repository\org\apache\commons\commons-lang3\3.12.0\commons-lang3-3.12.0.jar;C:\Users\Abdelrahman Abdalla\.m2\repository\io\swagger\core\v3\swagger-annotations-jakarta\2.2.8\swagger-annotations-jakarta-2.2.8.jar;C:\Users\Abdelrahman Abdalla\.m2\repository\io\swagger\core\v3\swagger-models-jakarta\2.2.8\swagger-models-jakarta-2.2.8.jar;C:\Users\Abdelrahman Abdalla\.m2\repository\com\fasterxml\jackson\dataformat\jackson-dataformat-yaml\2.15.0\jackson-dataformat-yaml-2.15.0.jar;C:\Users\Abdelrahman Abdalla\.m2\repository\org\webjars\swagger-ui\4.17.1\swagger-ui-4.17.1.jar;C:\Users\Abdelrahman Abdalla\.m2\repository\jakarta\xml\bind\jakarta.xml.bind-api\4.0.0\jakarta.xml.bind-api-4.0.0.jar;C:\Users\Abdelrahman Abdalla\.m2\repository\jakarta\activation\jakarta.activation-api\2.1.2\jakarta.activation-api-2.1.2.jar;C:\Users\Abdelrahman Abdalla\.m2\repository\org\springframework\spring-core\6.0.9\spring-core-6.0.9.jar;C:\Users\Abdelrahman Abdalla\.m2\repository\org\springframework\spring-jcl\6.0.9\spring-jcl-6.0.9.jar;C:\Users\Abdelrahman Abdalla\.m2\repository\org\hibernate\validator\hibernate-validator\6.2.0.Final\hibernate-validator-6.2.0.Final.jar;C:\Users\Abdelrahman Abdalla\.m2\repository\jakarta\validation\jakarta.validation-api\3.0.2\jakarta.validation-api-3.0.2.jar;C:\Users\Abdelrahman Abdalla\.m2\repository\org\jboss\logging\jboss-logging\3.5.0.Final\jboss-logging-3.5.0.Final.jar;C:\Users\Abdelrahman Abdalla\.m2\repository\com\fasterxml\classmate\1.5.1\classmate-1.5.1.jar;C:\Users\Abdelrahman Abdalla\.m2\repository\org\springframework\boot\spring-boot-starter-security\3.1.0\spring-boot-starter-security-3.1.0.jar;C:\Users\Abdelrahman Abdalla\.m2\repository\org\springframework\spring-aop\6.0.9\spring-aop-6.0.9.jar;C:\Users\Abdelrahman Abdalla\.m2\repository\org\springframework\security\spring-security-config\6.1.0\spring-security-config-6.1.0.jar;C:\Users\Abdelrahman Abdalla\.m2\repository\org\springframework\security\spring-security-web\6.1.0\spring-security-web-6.1.0.jar;C:\Users\Abdelrahman Abdalla\.m2\repository\org\springframework\security\spring-security-core\6.1.0\spring-security-core-6.1.0.jar;C:\Users\Abdelrahman Abdalla\.m2\repository\org\springframework\security\spring-security-crypto\6.1.0\spring-security-crypto-6.1.0.jar;C:\Users\Abdelrahman Abdalla\.m2\repository\org\webjars\webjars-locator-core\0.46\webjars-locator-core-0.46.jar;C:\Users\Abdelrahman Abdalla\.m2\repository\org\slf4j\slf4j-api\2.0.7\slf4j-api-2.0.7.jar;C:\Users\Abdelrahman Abdalla\.m2\repository\com\fasterxml\jackson\core\jackson-core\2.15.0\jackson-core-2.15.0.jar;C:\Users\Abdelrahman Abdalla\.m2\repository\io\github\classgraph\classgraph\4.8.78\classgraph-4.8.78.jar;C:\Users\Abdelrahman Abdalla\.m2\repository\org\projectlombok\lombok\1.18.30\lombok-1.18.30.jar;C:\Users\Abdelrahman Abdalla\.m2\repository\org\mapstruct\mapstruct\1.5.5.Final\mapstruct-1.5.5.Final.jar;C:\Users\Abdelrahman Abdalla\.m2\repository\org\mapstruct\mapstruct-processor\1.5.5.Final\mapstruct-processor-1.5.5.Final.jar;C:\Users\Abdelrahman Abdalla\.m2\repository\org\projectlombok\lombok-mapstruct-binding\0.2.0\lombok-mapstruct-binding-0.2.0.jar
Launcher Type: SUN_STANDARD

[Global flags]
     intx CICompilerCount                          = 3                                         {product} {ergonomic}
     uint ConcGCThreads                            = 1                                         {product} {ergonomic}
     uint G1ConcRefinementThreads                  = 4                                         {product} {ergonomic}
   size_t G1HeapRegionSize                         = 1048576                                   {product} {ergonomic}
    uintx GCDrainStackTargetSize                   = 64                                        {product} {ergonomic}
   size_t InitialHeapSize                          = 130023424                                 {product} {ergonomic}
     bool ManagementServer                         = true                                      {product} {command line}
   size_t MarkStackSize                            = 4194304                                   {product} {ergonomic}
   size_t MaxHeapSize                              = 2061500416                                {product} {ergonomic}
   size_t MaxNewSize                               = 1236271104                                {product} {ergonomic}
   size_t MinHeapDeltaBytes                        = 1048576                                   {product} {ergonomic}
   size_t MinHeapSize                              = 8388608                                   {product} {ergonomic}
    uintx NonNMethodCodeHeapSize                   = 4096                                   {pd product} {ergonomic}
    uintx NonProfiledCodeHeapSize                  = 0                                      {pd product} {ergonomic}
     bool ProfileInterpreter                       = false                                  {pd product} {command line}
    uintx ProfiledCodeHeapSize                     = 0                                      {pd product} {ergonomic}
   size_t SoftMaxHeapSize                          = 2061500416                             {manageable} {ergonomic}
     intx TieredStopAtLevel                        = 1                                         {product} {command line}
     bool UseCompressedOops                        = true                           {product lp64_product} {ergonomic}
     bool UseG1GC                                  = true                                      {product} {ergonomic}
     bool UseLargePagesIndividualAllocation        = false                                  {pd product} {ergonomic}

Logging:
Log output configuration:
 #0: stdout all=warning uptime,level,tags foldmultilines=false
 #1: stderr all=off uptime,level,tags foldmultilines=false

Environment Variables:
PATH=C:\Windows\system32;C:\Windows;C:\Windows\System32\Wbem;C:\Windows\System32\WindowsPowerShell\v1.0\;C:\Windows\System32\OpenSSH\;C:\Program Files\Git\cmd;C:\Program Files\dotnet\;C:\Program Files\Intel\WiFi\bin\;C:\Program Files\Common Files\Intel\WirelessCommon\;C:\Program Files\MySQL\MySQL Server 8.0\bin;C:\Users\Abdelrahman Abdalla\AppData\Local\Microsoft\WindowsApps;D:\Front\Setup of VSQ\Microsoft VS Code\bin
USERNAME=Abdelrahman Abdalla
OS=Windows_NT
PROCESSOR_IDENTIFIER=Intel64 Family 6 Model 94 Stepping 3, GenuineIntel
TMP=C:\Users\ABDELR~1\AppData\Local\Temp
TEMP=C:\Users\ABDELR~1\AppData\Local\Temp




Periodic native trim disabled

---------------  S Y S T E M  ---------------

OS:
 Windows 10 , 64 bit Build 19041 (10.0.19041.4597)
OS uptime: 1 days 5:48 hours

CPU: total 4 (initial active 4) (4 cores per cpu, 1 threads per core) family 6 model 94 stepping 3 microcode 0xcc, cx8, cmov, fxsr, mmx, 3dnowpref, sse, sse2, sse3, ssse3, sse4.1, sse4.2, popcnt, lzcnt, tsc, tscinvbit, avx, avx2, aes, erms, clmul, bmi1, bmi2, rtm, adx, fma, vzeroupper, clflush, clflushopt, rdtscp, f16c
Processor Information for all 4 processors :
  Max Mhz: 2601, Current Mhz: 2601, Mhz Limit: 2601

Memory: 4k page, system-wide physical 7861M (368M free)
TotalPageFile size 15384M (AvailPageFile size 14M)
current process WorkingSet (physical memory assigned to process): 229M, peak: 229M
current process commit charge ("private bytes"): 274M, peak: 323M

vm_info: OpenJDK 64-Bit Server VM (21.0.4+7-LTS) for windows-amd64 JRE (21.0.4+7-LTS), built on 2024-07-10T17:34:29Z by "Administrator" with MS VC++ 16.10 / 16.11 (VS2019)

END.
